<?xml version="1.0" encoding="UTF-8"?>
<!-- Generated by org.testng.reporters.JUnitReportReporter -->
<testsuite hostname="DESKTOP-0IQVQ8F" failures="0" tests="1" name="maven.Testpro1" time="14.276" errors="0" timestamp="2022-07-22T12:19:01 IST" skipped="0">
  <testcase classname="maven.Testpro1" name="f" time="14.276"/>
  <system-out/>
</testsuite> <!-- maven.Testpro1 -->
