<?xml version="1.0" encoding="UTF-8"?>
<!-- Generated by org.testng.reporters.JUnitReportReporter -->
<testsuite hostname="DESKTOP-0IQVQ8F" failures="0" tests="1" name="maven.testpro" time="11.951" errors="0" timestamp="2022-07-21T17:46:52 IST" skipped="0">
  <testcase classname="maven.testpro" name="f" time="11.951"/>
  <system-out/>
</testsuite> <!-- maven.testpro -->
